Flow report for Asteroids
Sat Mar 17 14:55:24 2012
Quartus II 32-bit Version 11.1 Build 259 01/25/2012 Service Pack 2 SJ Web Edition


---------------------
; Table of Contents ;
---------------------
  1. Legal Notice
  2. Flow Summary
  3. Flow Settings
  4. Flow Non-Default Global Settings
  5. Flow Elapsed Time
  6. Flow OS Summary
  7. Flow Log



----------------
; Legal Notice ;
----------------
Copyright (C) 1991-2011 Altera Corporation
Your use of Altera Corporation's design tools, logic functions 
and other software and tools, and its AMPP partner logic 
functions, and any output files from any of the foregoing 
(including device programming or simulation files), and any 
associated documentation or information are expressly subject 
to the terms and conditions of the Altera Program License 
Subscription Agreement, Altera MegaCore Function License 
Agreement, or other applicable license agreement, including, 
without limitation, that your use is for the sole purpose of 
programming logic devices manufactured by Altera and sold by 
Altera or its authorized distributors.  Please refer to the 
applicable agreement for further details.



+------------------------------------------------------------------------------------+
; Flow Summary                                                                       ;
+------------------------------------+-----------------------------------------------+
; Flow Status                        ; Successful - Sat Mar 17 14:54:43 2012         ;
; Quartus II 32-bit Version          ; 11.1 Build 259 01/25/2012 SP 2 SJ Web Edition ;
; Revision Name                      ; Asteroids                                     ;
; Top-level Entity Name              ; Asteroids                                     ;
; Family                             ; Cyclone III                                   ;
; Device                             ; EP3C16F484C6                                  ;
; Timing Models                      ; Final                                         ;
; Total logic elements               ; 8,069 / 15,408 ( 52 % )                       ;
;     Total combinational functions  ; 7,726 / 15,408 ( 50 % )                       ;
;     Dedicated logic registers      ; 1,802 / 15,408 ( 12 % )                       ;
; Total registers                    ; 1802                                          ;
; Total pins                         ; 252 / 347 ( 73 % )                            ;
; Total virtual pins                 ; 0                                             ;
; Total memory bits                  ; 52,296 / 516,096 ( 10 % )                     ;
; Embedded Multiplier 9-bit elements ; 0 / 112 ( 0 % )                               ;
; Total PLLs                         ; 2 / 4 ( 50 % )                                ;
+------------------------------------+-----------------------------------------------+


+-----------------------------------------+
; Flow Settings                           ;
+-------------------+---------------------+
; Option            ; Setting             ;
+-------------------+---------------------+
; Start date & time ; 03/17/2012 14:53:08 ;
; Main task         ; Compilation         ;
; Revision Name     ; Asteroids           ;
+-------------------+---------------------+


+------------------------------------------------------------------------------------------------------------------------+
; Flow Non-Default Global Settings                                                                                       ;
+-------------------------------------+---------------------------------------+---------------+-------------+------------+
; Assignment Name                     ; Value                                 ; Default Value ; Entity Name ; Section Id ;
+-------------------------------------+---------------------------------------+---------------+-------------+------------+
; COMPILER_SIGNATURE_ID               ; 24062491136.133202118862828           ; --            ; --          ; --         ;
; IP_TOOL_NAME                        ; ALTPLL                                ; --            ; --          ; --         ;
; IP_TOOL_NAME                        ; ALTPLL                                ; --            ; --          ; --         ;
; IP_TOOL_NAME                        ; LPM_DECODE                            ; --            ; --          ; --         ;
; IP_TOOL_NAME                        ; ROM: 1-PORT                           ; --            ; --          ; --         ;
; IP_TOOL_NAME                        ; ROM: 1-PORT                           ; --            ; --          ; --         ;
; IP_TOOL_NAME                        ; LPM_DECODE                            ; --            ; --          ; --         ;
; IP_TOOL_NAME                        ; ROM: 1-PORT                           ; --            ; --          ; --         ;
; IP_TOOL_NAME                        ; LPM_DECODE                            ; --            ; --          ; --         ;
; IP_TOOL_NAME                        ; ROM: 1-PORT                           ; --            ; --          ; --         ;
; IP_TOOL_VERSION                     ; 11.1                                  ; --            ; --          ; --         ;
; IP_TOOL_VERSION                     ; 11.1                                  ; --            ; --          ; --         ;
; IP_TOOL_VERSION                     ; 11.1                                  ; --            ; --          ; --         ;
; IP_TOOL_VERSION                     ; 11.1                                  ; --            ; --          ; --         ;
; IP_TOOL_VERSION                     ; 11.1                                  ; --            ; --          ; --         ;
; IP_TOOL_VERSION                     ; 11.1                                  ; --            ; --          ; --         ;
; IP_TOOL_VERSION                     ; 11.1                                  ; --            ; --          ; --         ;
; IP_TOOL_VERSION                     ; 11.1                                  ; --            ; --          ; --         ;
; IP_TOOL_VERSION                     ; 11.1                                  ; --            ; --          ; --         ;
; MAX_CORE_JUNCTION_TEMP              ; 85                                    ; --            ; --          ; --         ;
; MIN_CORE_JUNCTION_TEMP              ; 0                                     ; --            ; --          ; --         ;
; MISC_FILE                           ; vgaClk_bb.v                           ; --            ; --          ; --         ;
; MISC_FILE                           ; vgaClk.ppf                            ; --            ; --          ; --         ;
; MISC_FILE                           ; memClk_bb.v                           ; --            ; --          ; --         ;
; MISC_FILE                           ; memClk.ppf                            ; --            ; --          ; --         ;
; MISC_FILE                           ; spareShipDecode_bb.v                  ; --            ; --          ; --         ;
; MISC_FILE                           ; digit_bitmap_bb.v                     ; --            ; --          ; --         ;
; MISC_FILE                           ; shipSprite_bb.v                       ; --            ; --          ; --         ;
; MISC_FILE                           ; fireDecode_bb.v                       ; --            ; --          ; --         ;
; MISC_FILE                           ; torpedoSprite_bb.v                    ; --            ; --          ; --         ;
; MISC_FILE                           ; asteroid_decode_bb.v                  ; --            ; --          ; --         ;
; MISC_FILE                           ; asteroidSprites_bb.v                  ; --            ; --          ; --         ;
; OUTPUT_IO_TIMING_FAR_END_VMEAS      ; Half Signal Swing                     ; --            ; --          ; --         ;
; OUTPUT_IO_TIMING_FAR_END_VMEAS      ; Half Signal Swing                     ; --            ; --          ; --         ;
; OUTPUT_IO_TIMING_NEAR_END_VMEAS     ; Half Vccio                            ; --            ; --          ; --         ;
; OUTPUT_IO_TIMING_NEAR_END_VMEAS     ; Half Vccio                            ; --            ; --          ; --         ;
; PARTITION_COLOR                     ; 16764057                              ; --            ; --          ; Top        ;
; PARTITION_COLOR                     ; 14622752                              ; --            ; DE0_VGA     ; Top        ;
; PARTITION_FITTER_PRESERVATION_LEVEL ; PLACEMENT_AND_ROUTING                 ; --            ; --          ; Top        ;
; PARTITION_FITTER_PRESERVATION_LEVEL ; PLACEMENT_AND_ROUTING                 ; --            ; DE0_VGA     ; Top        ;
; PARTITION_NETLIST_TYPE              ; SOURCE                                ; --            ; --          ; Top        ;
; PARTITION_NETLIST_TYPE              ; SOURCE                                ; --            ; DE0_VGA     ; Top        ;
; POWER_BOARD_THERMAL_MODEL           ; None (CONSERVATIVE)                   ; --            ; --          ; --         ;
; POWER_PRESET_COOLING_SOLUTION       ; 23 MM HEAT SINK WITH 200 LFPM AIRFLOW ; --            ; --          ; --         ;
+-------------------------------------+---------------------------------------+---------------+-------------+------------+


+-------------------------------------------------------------------------------------------------------------------------------+
; Flow Elapsed Time                                                                                                             ;
+---------------------------+--------------+-------------------------+---------------------+------------------------------------+
; Module Name               ; Elapsed Time ; Average Processors Used ; Peak Virtual Memory ; Total CPU Time (on all processors) ;
+---------------------------+--------------+-------------------------+---------------------+------------------------------------+
; Analysis & Synthesis      ; 00:00:37     ; 1.0                     ; 353 MB              ; 00:00:37                           ;
; Fitter                    ; 00:00:48     ; 1.0                     ; 476 MB              ; 00:00:47                           ;
; Assembler                 ; 00:00:02     ; 1.0                     ; 315 MB              ; 00:00:02                           ;
; TimeQuest Timing Analyzer ; 00:00:42     ; 1.0                     ; 362 MB              ; 00:00:37                           ;
; Total                     ; 00:02:09     ; --                      ; --                  ; 00:02:03                           ;
+---------------------------+--------------+-------------------------+---------------------+------------------------------------+


+----------------------------------------------------------------------------------------+
; Flow OS Summary                                                                        ;
+---------------------------+------------------+-----------+------------+----------------+
; Module Name               ; Machine Hostname ; OS Name   ; OS Version ; Processor type ;
+---------------------------+------------------+-----------+------------+----------------+
; Analysis & Synthesis      ; studioXPS-01     ; Windows 7 ; 6.1        ; x86_64         ;
; Fitter                    ; studioXPS-01     ; Windows 7 ; 6.1        ; x86_64         ;
; Assembler                 ; studioXPS-01     ; Windows 7 ; 6.1        ; x86_64         ;
; TimeQuest Timing Analyzer ; studioXPS-01     ; Windows 7 ; 6.1        ; x86_64         ;
+---------------------------+------------------+-----------+------------+----------------+


------------
; Flow Log ;
------------
quartus_map --read_settings_files=on --write_settings_files=off Asteroids -c Asteroids
quartus_fit --read_settings_files=off --write_settings_files=off Asteroids -c Asteroids
quartus_asm --read_settings_files=off --write_settings_files=off Asteroids -c Asteroids
quartus_sta Asteroids -c Asteroids



